<?xml version="1.0" encoding="UTF-8"?>
<testng-results skipped="0" failed="0" ignored="0" total="1" passed="1">
  <reporter-output>
  </reporter-output>
  <suite name="Suite" duration-ms="75322" started-at="2021-11-29T14:07:28 IST" finished-at="2021-11-29T14:08:43 IST">
    <groups>
    </groups>
    <test name="Test" duration-ms="75322" started-at="2021-11-29T14:07:28 IST" finished-at="2021-11-29T14:08:43 IST">
      <class name="com.testcase.loginpagetest">
        <test-method status="PASS" signature="setUp()[pri:0, instance:com.testcase.loginpagetest@458c1321]" name="setUp" is-config="true" duration-ms="69135" started-at="2021-11-29T14:07:28 IST" finished-at="2021-11-29T14:08:37 IST">
          <reporter-output>
          </reporter-output>
        </test-method> <!-- setUp -->
        <test-method status="PASS" signature="test1(java.lang.String,java.lang.String)[pri:0, instance:com.testcase.loginpagetest@458c1321]" name="test1" duration-ms="6093" started-at="2021-11-29T14:08:37 IST" finished-at="2021-11-29T14:08:43 IST">
          <params>
            <param index="0">
              <value>
                <![CDATA[Admin]]>
              </value>
            </param>
            <param index="1">
              <value>
                <![CDATA[admin123]]>
              </value>
            </param>
          </params>
          <reporter-output>
          </reporter-output>
        </test-method> <!-- test1 -->
      </class> <!-- com.testcase.loginpagetest -->
    </test> <!-- Test -->
  </suite> <!-- Suite -->
</testng-results>
